=== GSC Indexer Started at 2026-05-24 08:55:29 ===
[08:55:29] ==================================================
[08:55:29]    DEEPALPHA GSC PROGRAMMATIC INDEXING DAEMON
[08:55:29] ==================================================
[08:55:30] Navigating to landing GSC dashboard: https://search.google.com/u/2/search-console/sitemaps?resource_id=https%3A%2F%2Fberkempirehathaway-sudo.github.io%2Fdeepalpha-pseo%2F
[08:55:39] Loaded 6179 stock pages from /Users/ahmednegm/deepalpha-pseo/stocks.
[08:55:39] [1/6179] Starting indexation queue...
[08:55:39] Processing AAPL (https://berkempirehathaway-sudo.github.io/deepalpha-pseo/stocks/AAPL.html)...
  -> [08:55:39] Entering URL into inspection search bar...
  -> [08:55:39] Waiting for GSC to fetch indexing state from Google index...
  -> [08:55:43] Inspection Status: NOT_INDEXED
  -> [08:55:43] Requesting indexation...
  -> [08:55:43] Testing if live URL can be indexed (takes 15-40s)...
  -> [08:56:02] Success! 'Indexing requested' confirmation shown. Dismissing popup...
  -> [08:56:02] Indexing requested successfully for AAPL! 🚀
[08:56:06] [2/6179] Starting indexation queue...
[08:56:06] Processing NVDA (https://berkempirehathaway-sudo.github.io/deepalpha-pseo/stocks/NVDA.html)...
  -> [08:56:06] Entering URL into inspection search bar...
  -> [08:56:06] Waiting for GSC to fetch indexing state from Google index...
  -> [08:56:08] Encountered GSC 404 error page during fetch. Skipping ticker.
[08:56:08] [3/6179] Starting indexation queue...
[08:56:08] Processing TSLA (https://berkempirehathaway-sudo.github.io/deepalpha-pseo/stocks/TSLA.html)...
  -> [08:56:09] GSC is showing a 404 error page. Recovering by navigating to the landing dashboard...
  -> [08:56:17] Entering URL into inspection search bar...
  -> [08:56:17] Waiting for GSC to fetch indexing state from Google index...
  -> [08:56:21] Inspection Status: NOT_INDEXED
  -> [08:56:21] Requesting indexation...
  -> [08:56:22] Testing if live URL can be indexed (takes 15-40s)...
  -> [08:56:40] Success! 'Indexing requested' confirmation shown. Dismissing popup...
  -> [08:56:40] Indexing requested successfully for TSLA! 🚀
[08:56:44] [4/6179] Starting indexation queue...
[08:56:44] Processing MSFT (https://berkempirehathaway-sudo.github.io/deepalpha-pseo/stocks/MSFT.html)...
  -> [08:56:44] Entering URL into inspection search bar...
  -> [08:56:44] Waiting for GSC to fetch indexing state from Google index...
  -> [08:56:47] Encountered GSC 404 error page during fetch. Skipping ticker.
[08:56:47] [5/6179] Starting indexation queue...
[08:56:47] Processing AMZN (https://berkempirehathaway-sudo.github.io/deepalpha-pseo/stocks/AMZN.html)...
  -> [08:56:47] GSC is showing a 404 error page. Recovering by navigating to the landing dashboard...
  -> [08:56:55] Entering URL into inspection search bar...
  -> [08:56:55] Waiting for GSC to fetch indexing state from Google index...
  -> [08:57:00] Inspection Status: NOT_INDEXED
  -> [08:57:00] Requesting indexation...
  -> [08:57:00] Testing if live URL can be indexed (takes 15-40s)...
  -> [08:57:16] Success! 'Indexing requested' confirmation shown. Dismissing popup...
  -> [08:57:16] Indexing requested successfully for AMZN! 🚀
[08:57:20] [6/6179] Starting indexation queue...
[08:57:20] Processing META (https://berkempirehathaway-sudo.github.io/deepalpha-pseo/stocks/META.html)...
  -> [08:57:20] Entering URL into inspection search bar...
  -> [08:57:20] Waiting for GSC to fetch indexing state from Google index...
  -> [08:57:22] Encountered GSC 404 error page during fetch. Skipping ticker.
[08:57:22] [7/6179] Starting indexation queue...
[08:57:22] Processing GOOGL (https://berkempirehathaway-sudo.github.io/deepalpha-pseo/stocks/GOOGL.html)...
  -> [08:57:23] GSC is showing a 404 error page. Recovering by navigating to the landing dashboard...
  -> [08:57:31] Entering URL into inspection search bar...
  -> [08:57:31] Waiting for GSC to fetch indexing state from Google index...
  -> [08:57:35] Inspection Status: NOT_INDEXED
  -> [08:57:35] Requesting indexation...
  -> [08:57:35] Testing if live URL can be indexed (takes 15-40s)...
  -> [08:57:51] Success! 'Indexing requested' confirmation shown. Dismissing popup...
  -> [08:57:52] Indexing requested successfully for GOOGL! 🚀
[08:57:56] [8/6179] Starting indexation queue...
[08:57:56] Processing NFLX (https://berkempirehathaway-sudo.github.io/deepalpha-pseo/stocks/NFLX.html)...
  -> [08:57:56] Entering URL into inspection search bar...
  -> [08:57:56] Waiting for GSC to fetch indexing state from Google index...
  -> [08:57:58] Encountered GSC 404 error page during fetch. Skipping ticker.
[08:57:58] [9/6179] Starting indexation queue...
[08:57:58] Processing AMD (https://berkempirehathaway-sudo.github.io/deepalpha-pseo/stocks/AMD.html)...
  -> [08:57:58] GSC is showing a 404 error page. Recovering by navigating to the landing dashboard...
  -> [08:58:07] Entering URL into inspection search bar...
  -> [08:58:07] Waiting for GSC to fetch indexing state from Google index...
  -> [08:58:11] Inspection Status: NOT_INDEXED
  -> [08:58:11] Requesting indexation...
  -> [08:58:11] Testing if live URL can be indexed (takes 15-40s)...
  -> [08:58:31] Success! 'Indexing requested' confirmation shown. Dismissing popup...
  -> [08:58:32] Indexing requested successfully for AMD! 🚀
[08:58:36] [10/6179] Starting indexation queue...
[08:58:36] Processing AVGO (https://berkempirehathaway-sudo.github.io/deepalpha-pseo/stocks/AVGO.html)...
  -> [08:58:36] Entering URL into inspection search bar...
  -> [08:58:36] Waiting for GSC to fetch indexing state from Google index...
  -> [08:58:38] Encountered GSC 404 error page during fetch. Skipping ticker.
[08:58:38] [11/6179] Starting indexation queue...
[08:58:38] Processing JPM (https://berkempirehathaway-sudo.github.io/deepalpha-pseo/stocks/JPM.html)...
  -> [08:58:38] GSC is showing a 404 error page. Recovering by navigating to the landing dashboard...
  -> [08:58:47] Entering URL into inspection search bar...
  -> [08:58:47] Waiting for GSC to fetch indexing state from Google index...
  -> [08:58:51] Inspection Status: NOT_INDEXED
  -> [08:58:51] Requesting indexation...
  -> [08:58:51] Testing if live URL can be indexed (takes 15-40s)...
  -> [08:59:05] Success! 'Indexing requested' confirmation shown. Dismissing popup...
  -> [08:59:05] Indexing requested successfully for JPM! 🚀
[08:59:09] [12/6179] Starting indexation queue...
[08:59:09] Processing LLY (https://berkempirehathaway-sudo.github.io/deepalpha-pseo/stocks/LLY.html)...
  -> [08:59:10] Entering URL into inspection search bar...
  -> [08:59:10] Waiting for GSC to fetch indexing state from Google index...
  -> [08:59:12] Encountered GSC 404 error page during fetch. Skipping ticker.
[08:59:12] [13/6179] Starting indexation queue...
[08:59:12] Processing COST (https://berkempirehathaway-sudo.github.io/deepalpha-pseo/stocks/COST.html)...
  -> [08:59:12] GSC is showing a 404 error page. Recovering by navigating to the landing dashboard...
  -> [08:59:20] Entering URL into inspection search bar...
  -> [08:59:21] Waiting for GSC to fetch indexing state from Google index...
  -> [08:59:25] Inspection Status: NOT_INDEXED
  -> [08:59:25] Requesting indexation...
  -> [08:59:25] Testing if live URL can be indexed (takes 15-40s)...
  -> [08:59:41] Success! 'Indexing requested' confirmation shown. Dismissing popup...
  -> [08:59:41] Indexing requested successfully for COST! 🚀
[08:59:45] [14/6179] Starting indexation queue...
[08:59:45] Processing UNH (https://berkempirehathaway-sudo.github.io/deepalpha-pseo/stocks/UNH.html)...
  -> [08:59:45] Entering URL into inspection search bar...
  -> [08:59:46] Waiting for GSC to fetch indexing state from Google index...
  -> [08:59:48] Encountered GSC 404 error page during fetch. Skipping ticker.
[08:59:48] [15/6179] Starting indexation queue...
[08:59:48] Processing V (https://berkempirehathaway-sudo.github.io/deepalpha-pseo/stocks/V.html)...
  -> [08:59:48] GSC is showing a 404 error page. Recovering by navigating to the landing dashboard...
  -> [08:59:56] Entering URL into inspection search bar...
  -> [08:59:56] Waiting for GSC to fetch indexing state from Google index...
  -> [09:00:01] Inspection Status: NOT_INDEXED
  -> [09:00:01] Requesting indexation...
  -> [09:00:01] Testing if live URL can be indexed (takes 15-40s)...
  -> [09:00:19] Success! 'Indexing requested' confirmation shown. Dismissing popup...
  -> [09:00:19] Indexing requested successfully for V! 🚀
[09:00:24] [16/6179] Starting indexation queue...
[09:00:24] Processing MA (https://berkempirehathaway-sudo.github.io/deepalpha-pseo/stocks/MA.html)...
  -> [09:00:24] Entering URL into inspection search bar...
  -> [09:00:24] Waiting for GSC to fetch indexing state from Google index...
  -> [09:00:26] Encountered GSC 404 error page during fetch. Skipping ticker.
[09:00:26] [17/6179] Starting indexation queue...
[09:00:26] Processing HD (https://berkempirehathaway-sudo.github.io/deepalpha-pseo/stocks/HD.html)...
  -> [09:00:26] GSC is showing a 404 error page. Recovering by navigating to the landing dashboard...
  -> [09:00:34] Entering URL into inspection search bar...
  -> [09:00:35] Waiting for GSC to fetch indexing state from Google index...
  -> [09:00:39] Inspection Status: NOT_INDEXED
  -> [09:00:39] Requesting indexation...
  -> [09:00:39] Testing if live URL can be indexed (takes 15-40s)...
  -> [09:00:59] Success! 'Indexing requested' confirmation shown. Dismissing popup...
  -> [09:01:00] Indexing requested successfully for HD! 🚀
[09:01:04] [18/6179] Starting indexation queue...
[09:01:04] Processing PG (https://berkempirehathaway-sudo.github.io/deepalpha-pseo/stocks/PG.html)...
  -> [09:01:04] Entering URL into inspection search bar...
  -> [09:01:04] Waiting for GSC to fetch indexing state from Google index...
  -> [09:01:06] Encountered GSC 404 error page during fetch. Skipping ticker.
[09:01:06] [19/6179] Starting indexation queue...
[09:01:06] Processing DIS (https://berkempirehathaway-sudo.github.io/deepalpha-pseo/stocks/DIS.html)...
  -> [09:01:06] GSC is showing a 404 error page. Recovering by navigating to the landing dashboard...
  -> [09:01:15] Entering URL into inspection search bar...
  -> [09:01:15] Waiting for GSC to fetch indexing state from Google index...
  -> [09:01:19] Inspection Status: NOT_INDEXED
  -> [09:01:19] Requesting indexation...
  -> [09:01:19] Testing if live URL can be indexed (takes 15-40s)...
  -> [09:01:35] 🛑 QUOTA EXCEEDED! Daily Search Console manual indexing request limit reached.
[09:01:35] 
🛑 DAILY GOOGLE SEARCH CONSOLE QUOTA REACHED!
[09:01:35] 
==================================================
[09:01:35]                  SUMMARY REPORT
[09:01:35] ==================================================
[09:01:35] Total Tickers Attempted:     18
[09:01:35] Successfully Requested:      9 🚀
[09:01:35] Already Indexed:             0 🎉
[09:01:35] Failed/Skipped:              9 ⚠️
[09:01:35] ==================================================
